<?xml version="1.0" encoding="UTF-8" ?>
<testsuite tests="1" failures="0" name="multition.MultitionTest" time="0.024" errors="0" skipped="0">
  <properties>
    <property name="java.runtime.name" value="OpenJDK Runtime Environment"/>
    <property name="java.vm.version" value="11.0.6+10"/>
    <property name="sun.boot.library.path" value="C:\Program Files\AdoptOpenJDK\jdk-11.0.6.10-hotspot\bin"/>
    <property name="maven.multiModuleProjectDirectory" value="E:\Users\xiong\Documents\school_work\DesignPatterns"/>
    <property name="java.vm.vendor" value="AdoptOpenJDK"/>
    <property name="java.vendor.url" value="https://adoptopenjdk.net/"/>
    <property name="guice.disable.misplaced.annotation.check" value="true"/>
    <property name="path.separator" value=";"/>
    <property name="java.vm.name" value="OpenJDK 64-Bit Server VM"/>
    <property name="sun.os.patch.level" value=""/>
    <property name="user.script" value=""/>
    <property name="user.country" value="CN"/>
    <property name="sun.java.launcher" value="SUN_STANDARD"/>
    <property name="java.vm.specification.name" value="Java Virtual Machine Specification"/>
    <property name="user.dir" value="E:\Users\xiong\Documents\school_work\DesignPatterns"/>
    <property name="java.vm.compressedOopsMode" value="Zero based"/>
    <property name="java.runtime.version" value="11.0.6+10"/>
    <property name="java.awt.graphicsenv" value="sun.awt.Win32GraphicsEnvironment"/>
    <property name="os.arch" value="amd64"/>
    <property name="java.io.tmpdir" value="C:\Users\nemo\AppData\Local\Temp\"/>
    <property name="line.separator" value="
"/>
    <property name="java.vm.specification.vendor" value="Oracle Corporation"/>
    <property name="user.variant" value=""/>
    <property name="os.name" value="Windows 10"/>
    <property name="classworlds.conf" value="D:\plugins\apache-maven-3.6.3-bin\apache-maven-3.6.3\bin\..\bin\m2.conf"/>
    <property name="sun.jnu.encoding" value="GBK"/>
    <property name="java.library.path" value="C:\Program Files\AdoptOpenJDK\jdk-11.0.6.10-hotspot\bin;C:\Windows\Sun\Java\bin;C:\Windows\system32;C:\Windows;D:\app\client\nemo\product\12.2.0\client_1;D:\app\client\nemo\product\12.2.0\client_1\bin;C:\Program Files\AdoptOpenJDK\jdk-11.0.6.10-hotspot\bin;D:\oracle\nemo\virtual\product\12.2.0\dbhome_2\bin;C:\Program Files (x86)\Common Files\Oracle\Java\javapath;C:\Windows\system32;C:\Windows;C:\Windows\System32\Wbem;C:\Windows\System32\WindowsPowerShell\v1.0\;C:\Windows\System32\OpenSSH\;C:\Program Files\IDM Computer Solutions\UltraEdit;C:\Program Files\PuTTY\;C:\Program Files\Git\cmd;C:\Program Files (x86)\ZeroTier\One\;C:\Program Files\CMake\bin;C:\Program Files\dotnet\;C:\Program Files (x86)\Tesseract-OCR;D:\plugins\apache-maven-3.6.3-bin\apache-maven-3.6.3\bin;C:\Users\nemo\AppData\Local\Programs\Python\Python39\Scripts\;C:\Users\nemo\AppData\Local\Programs\Python\Python39\;C:\python38-x32\Scripts\;C:\python38-x32\;C:\Users\nemo\AppData\Local\Microsoft\WindowsApps;C:\Users\nemo\AppData\Local\Programs\Microsoft VS Code\bin;C:\mingw64\bin;C:\msys64\mingw64\bin;D:\adb;D:\plugins\hugo_extended_0.67.0_Windows-64bit;C:\Program Files\JetBrains\PyCharm 2019.3.1\bin;C:\Users\nemo\AppData\Local\GitHubDesktop\bin;C:\Users\nemo\AppData\Roaming\Python\Python38\Scripts;D:\texlive\2019\bin\win32;D:\plugins\chromedriver_win32;C:\msys64\;C:\Users\nemo\.dotnet\tools;C:\Program Files (x86)\Nmap;C:\Users\nemo\.dotnet\tools;."/>
    <property name="maven.conf" value="D:\plugins\apache-maven-3.6.3-bin\apache-maven-3.6.3\bin\../conf"/>
    <property name="jdk.debug" value="release"/>
    <property name="java.class.version" value="55.0"/>
    <property name="java.specification.name" value="Java Platform API Specification"/>
    <property name="sun.management.compiler" value="HotSpot 64-Bit Tiered Compilers"/>
    <property name="os.version" value="10.0"/>
    <property name="library.jansi.path" value="D:\plugins\apache-maven-3.6.3-bin\apache-maven-3.6.3\bin\..\lib\jansi-native"/>
    <property name="user.home" value="C:\Users\nemo"/>
    <property name="user.timezone" value="Asia/Shanghai"/>
    <property name="java.awt.printerjob" value="sun.awt.windows.WPrinterJob"/>
    <property name="file.encoding" value="GBK"/>
    <property name="java.specification.version" value="11"/>
    <property name="user.name" value="nemo"/>
    <property name="java.class.path" value="D:\plugins\apache-maven-3.6.3-bin\apache-maven-3.6.3\bin\..\boot\plexus-classworlds-2.6.0.jar"/>
    <property name="java.vm.specification.version" value="11"/>
    <property name="sun.arch.data.model" value="64"/>
    <property name="sun.java.command" value="org.codehaus.plexus.classworlds.launcher.Launcher install"/>
    <property name="java.home" value="C:\Program Files\AdoptOpenJDK\jdk-11.0.6.10-hotspot"/>
    <property name="user.language" value="zh"/>
    <property name="java.specification.vendor" value="Oracle Corporation"/>
    <property name="awt.toolkit" value="sun.awt.windows.WToolkit"/>
    <property name="java.vm.info" value="mixed mode"/>
    <property name="java.version" value="11.0.6"/>
    <property name="java.vendor" value="AdoptOpenJDK"/>
    <property name="sun.stderr.encoding" value="cp65001"/>
    <property name="maven.home" value="D:\plugins\apache-maven-3.6.3-bin\apache-maven-3.6.3\bin\.."/>
    <property name="file.separator" value="\"/>
    <property name="java.version.date" value="2020-01-14"/>
    <property name="java.vendor.url.bug" value="https://github.com/AdoptOpenJDK/openjdk-support/issues"/>
    <property name="sun.io.unicode.encoding" value="UnicodeLittle"/>
    <property name="sun.cpu.endian" value="little"/>
    <property name="java.vendor.version" value="AdoptOpenJDK"/>
    <property name="sun.stdout.encoding" value="cp65001"/>
    <property name="sun.desktop" value="windows"/>
    <property name="sun.cpu.isalist" value="amd64"/>
  </properties>
  <testcase classname="multition.MultitionTest" name="test" time="0.024"/>
</testsuite>